{"/Users/ritvik_mahajan/Library/CloudStorage/OneDrive-McKinsey&Company/Documents/fullstack-app/backend/database/models/demo.js": {"path":"/Users/ritvik_mahajan/Library/CloudStorage/OneDrive-McKinsey&Company/Documents/fullstack-app/backend/database/models/demo.js","statementMap":{"0":{"start":{"line":4,"column":4},"end":{"line":4,"column":24}},"1":{"start":{"line":5,"column":0},"end":{"line":25,"column":2}},"2":{"start":{"line":16,"column":2},"end":{"line":23,"column":5}},"3":{"start":{"line":24,"column":2},"end":{"line":24,"column":14}}},"fnMap":{"0":{"name":"(anonymous_0)","decl":{"start":{"line":5,"column":17},"end":{"line":5,"column":18}},"loc":{"start":{"line":5,"column":43},"end":{"line":25,"column":1}},"line":5},"1":{"name":"(anonymous_1)","decl":{"start":{"line":12,"column":4},"end":{"line":12,"column":5}},"loc":{"start":{"line":12,"column":29},"end":{"line":14,"column":5}},"line":12}},"branchMap":{},"s":{"0":3,"1":3,"2":3,"3":3},"f":{"0":3,"1":3},"b":{},"_coverageSchema":"1a1c01bbd47fc00a2c39e90264f33305004495a9","hash":"0947c5846a4e625778ab8cea9b4ff52f436616b6"}
,"/Users/ritvik_mahajan/Library/CloudStorage/OneDrive-McKinsey&Company/Documents/fullstack-app/backend/database/models/entries.js": {"path":"/Users/ritvik_mahajan/Library/CloudStorage/OneDrive-McKinsey&Company/Documents/fullstack-app/backend/database/models/entries.js","statementMap":{"0":{"start":{"line":4,"column":4},"end":{"line":4,"column":24}},"1":{"start":{"line":5,"column":0},"end":{"line":24,"column":2}},"2":{"start":{"line":13,"column":6},"end":{"line":13,"column":60}},"3":{"start":{"line":16,"column":2},"end":{"line":22,"column":5}},"4":{"start":{"line":23,"column":2},"end":{"line":23,"column":17}}},"fnMap":{"0":{"name":"(anonymous_0)","decl":{"start":{"line":5,"column":17},"end":{"line":5,"column":18}},"loc":{"start":{"line":5,"column":43},"end":{"line":24,"column":1}},"line":5},"1":{"name":"(anonymous_1)","decl":{"start":{"line":12,"column":4},"end":{"line":12,"column":5}},"loc":{"start":{"line":12,"column":29},"end":{"line":14,"column":5}},"line":12}},"branchMap":{},"s":{"0":3,"1":3,"2":3,"3":3,"4":3},"f":{"0":3,"1":3},"b":{},"_coverageSchema":"1a1c01bbd47fc00a2c39e90264f33305004495a9","hash":"e2fc89403071f03b4f50d47e1e7de9b2549a376e"}
,"/Users/ritvik_mahajan/Library/CloudStorage/OneDrive-McKinsey&Company/Documents/fullstack-app/backend/database/models/index.js": {"path":"/Users/ritvik_mahajan/Library/CloudStorage/OneDrive-McKinsey&Company/Documents/fullstack-app/backend/database/models/index.js","statementMap":{"0":{"start":{"line":3,"column":11},"end":{"line":3,"column":24}},"1":{"start":{"line":4,"column":13},"end":{"line":4,"column":28}},"2":{"start":{"line":5,"column":18},"end":{"line":5,"column":38}},"3":{"start":{"line":6,"column":16},"end":{"line":6,"column":34}},"4":{"start":{"line":7,"column":17},"end":{"line":7,"column":42}},"5":{"start":{"line":8,"column":12},"end":{"line":8,"column":49}},"6":{"start":{"line":9,"column":15},"end":{"line":9,"column":65}},"7":{"start":{"line":10,"column":11},"end":{"line":10,"column":13}},"8":{"start":{"line":13,"column":0},"end":{"line":17,"column":1}},"9":{"start":{"line":14,"column":2},"end":{"line":14,"column":74}},"10":{"start":{"line":16,"column":2},"end":{"line":16,"column":87}},"11":{"start":{"line":19,"column":0},"end":{"line":32,"column":5}},"12":{"start":{"line":22,"column":4},"end":{"line":27,"column":6}},"13":{"start":{"line":30,"column":18},"end":{"line":30,"column":85}},"14":{"start":{"line":31,"column":4},"end":{"line":31,"column":27}},"15":{"start":{"line":34,"column":0},"end":{"line":38,"column":3}},"16":{"start":{"line":35,"column":2},"end":{"line":37,"column":3}},"17":{"start":{"line":36,"column":4},"end":{"line":36,"column":32}},"18":{"start":{"line":40,"column":0},"end":{"line":40,"column":25}},"19":{"start":{"line":41,"column":0},"end":{"line":41,"column":25}},"20":{"start":{"line":43,"column":0},"end":{"line":43,"column":20}}},"fnMap":{"0":{"name":"(anonymous_0)","decl":{"start":{"line":21,"column":10},"end":{"line":21,"column":11}},"loc":{"start":{"line":21,"column":18},"end":{"line":28,"column":3}},"line":21},"1":{"name":"(anonymous_1)","decl":{"start":{"line":29,"column":11},"end":{"line":29,"column":12}},"loc":{"start":{"line":29,"column":19},"end":{"line":32,"column":3}},"line":29},"2":{"name":"(anonymous_2)","decl":{"start":{"line":34,"column":24},"end":{"line":34,"column":25}},"loc":{"start":{"line":34,"column":37},"end":{"line":38,"column":1}},"line":34}},"branchMap":{"0":{"loc":{"start":{"line":8,"column":12},"end":{"line":8,"column":49}},"type":"binary-expr","locations":[{"start":{"line":8,"column":12},"end":{"line":8,"column":32}},{"start":{"line":8,"column":36},"end":{"line":8,"column":49}}],"line":8},"1":{"loc":{"start":{"line":13,"column":0},"end":{"line":17,"column":1}},"type":"if","locations":[{"start":{"line":13,"column":0},"end":{"line":17,"column":1}},{"start":{"line":15,"column":7},"end":{"line":17,"column":1}}],"line":13},"2":{"loc":{"start":{"line":23,"column":6},"end":{"line":26,"column":37}},"type":"binary-expr","locations":[{"start":{"line":23,"column":6},"end":{"line":23,"column":29}},{"start":{"line":24,"column":6},"end":{"line":24,"column":23}},{"start":{"line":25,"column":6},"end":{"line":25,"column":30}},{"start":{"line":26,"column":6},"end":{"line":26,"column":37}}],"line":23},"3":{"loc":{"start":{"line":35,"column":2},"end":{"line":37,"column":3}},"type":"if","locations":[{"start":{"line":35,"column":2},"end":{"line":37,"column":3}},{"start":{},"end":{}}],"line":35}},"s":{"0":3,"1":3,"2":3,"3":3,"4":3,"5":3,"6":3,"7":3,"8":3,"9":0,"10":3,"11":3,"12":12,"13":9,"14":9,"15":3,"16":9,"17":9,"18":3,"19":3,"20":3},"f":{"0":12,"1":9,"2":9},"b":{"0":[3,0],"1":[0,3],"2":[12,12,9,9],"3":[9,0]},"_coverageSchema":"1a1c01bbd47fc00a2c39e90264f33305004495a9","hash":"a36571df7a687710fd0d6fe0afdb1d70761788da"}
,"/Users/ritvik_mahajan/Library/CloudStorage/OneDrive-McKinsey&Company/Documents/fullstack-app/backend/database/models/type.js": {"path":"/Users/ritvik_mahajan/Library/CloudStorage/OneDrive-McKinsey&Company/Documents/fullstack-app/backend/database/models/type.js","statementMap":{"0":{"start":{"line":4,"column":4},"end":{"line":4,"column":24}},"1":{"start":{"line":5,"column":0},"end":{"line":24,"column":2}},"2":{"start":{"line":13,"column":6},"end":{"line":13,"column":58}},"3":{"start":{"line":16,"column":2},"end":{"line":22,"column":5}},"4":{"start":{"line":23,"column":2},"end":{"line":23,"column":14}}},"fnMap":{"0":{"name":"(anonymous_0)","decl":{"start":{"line":5,"column":17},"end":{"line":5,"column":18}},"loc":{"start":{"line":5,"column":43},"end":{"line":24,"column":1}},"line":5},"1":{"name":"(anonymous_1)","decl":{"start":{"line":12,"column":4},"end":{"line":12,"column":5}},"loc":{"start":{"line":12,"column":29},"end":{"line":14,"column":5}},"line":12}},"branchMap":{},"s":{"0":3,"1":3,"2":3,"3":3,"4":3},"f":{"0":3,"1":3},"b":{},"_coverageSchema":"1a1c01bbd47fc00a2c39e90264f33305004495a9","hash":"07d084c2ce7fbf3837a5ff50ac9e3a8cd2879579"}
,"/Users/ritvik_mahajan/Library/CloudStorage/OneDrive-McKinsey&Company/Documents/fullstack-app/backend/src/controllers/entity.controller.js": {"path":"/Users/ritvik_mahajan/Library/CloudStorage/OneDrive-McKinsey&Company/Documents/fullstack-app/backend/src/controllers/entity.controller.js","statementMap":{"0":{"start":{"line":1,"column":22},"end":{"line":1,"column":47}},"1":{"start":{"line":2,"column":17},"end":{"line":2,"column":55}},"2":{"start":{"line":5,"column":28},"end":{"line":18,"column":1}},"3":{"start":{"line":6,"column":4},"end":{"line":17,"column":5}},"4":{"start":{"line":7,"column":25},"end":{"line":7,"column":74}},"5":{"start":{"line":8,"column":8},"end":{"line":8,"column":39}},"6":{"start":{"line":11,"column":8},"end":{"line":16,"column":9}},"7":{"start":{"line":12,"column":12},"end":{"line":12,"column":68}},"8":{"start":{"line":15,"column":12},"end":{"line":15,"column":40}},"9":{"start":{"line":20,"column":21},"end":{"line":34,"column":1}},"10":{"start":{"line":21,"column":4},"end":{"line":33,"column":5}},"11":{"start":{"line":22,"column":8},"end":{"line":22,"column":30}},"12":{"start":{"line":23,"column":23},"end":{"line":23,"column":74}},"13":{"start":{"line":24,"column":8},"end":{"line":24,"column":37}},"14":{"start":{"line":27,"column":8},"end":{"line":32,"column":9}},"15":{"start":{"line":28,"column":12},"end":{"line":28,"column":68}},"16":{"start":{"line":31,"column":12},"end":{"line":31,"column":40}},"17":{"start":{"line":36,"column":21},"end":{"line":50,"column":1}},"18":{"start":{"line":37,"column":4},"end":{"line":49,"column":5}},"19":{"start":{"line":38,"column":8},"end":{"line":38,"column":30}},"20":{"start":{"line":39,"column":23},"end":{"line":39,"column":75}},"21":{"start":{"line":40,"column":8},"end":{"line":40,"column":37}},"22":{"start":{"line":43,"column":8},"end":{"line":48,"column":9}},"23":{"start":{"line":44,"column":12},"end":{"line":44,"column":68}},"24":{"start":{"line":47,"column":12},"end":{"line":47,"column":40}},"25":{"start":{"line":52,"column":21},"end":{"line":65,"column":1}},"26":{"start":{"line":53,"column":4},"end":{"line":64,"column":5}},"27":{"start":{"line":54,"column":23},"end":{"line":54,"column":65}},"28":{"start":{"line":55,"column":8},"end":{"line":55,"column":37}},"29":{"start":{"line":58,"column":8},"end":{"line":63,"column":9}},"30":{"start":{"line":59,"column":12},"end":{"line":59,"column":68}},"31":{"start":{"line":62,"column":12},"end":{"line":62,"column":40}},"32":{"start":{"line":67,"column":33},"end":{"line":80,"column":1}},"33":{"start":{"line":68,"column":4},"end":{"line":79,"column":5}},"34":{"start":{"line":69,"column":23},"end":{"line":69,"column":64}},"35":{"start":{"line":70,"column":8},"end":{"line":70,"column":37}},"36":{"start":{"line":73,"column":8},"end":{"line":78,"column":9}},"37":{"start":{"line":74,"column":12},"end":{"line":74,"column":68}},"38":{"start":{"line":77,"column":12},"end":{"line":77,"column":40}},"39":{"start":{"line":82,"column":0},"end":{"line":82,"column":109}}},"fnMap":{"0":{"name":"(anonymous_0)","decl":{"start":{"line":5,"column":28},"end":{"line":5,"column":29}},"loc":{"start":{"line":5,"column":48},"end":{"line":18,"column":1}},"line":5},"1":{"name":"(anonymous_1)","decl":{"start":{"line":20,"column":21},"end":{"line":20,"column":22}},"loc":{"start":{"line":20,"column":41},"end":{"line":34,"column":1}},"line":20},"2":{"name":"(anonymous_2)","decl":{"start":{"line":36,"column":21},"end":{"line":36,"column":22}},"loc":{"start":{"line":36,"column":41},"end":{"line":50,"column":1}},"line":36},"3":{"name":"(anonymous_3)","decl":{"start":{"line":52,"column":21},"end":{"line":52,"column":22}},"loc":{"start":{"line":52,"column":41},"end":{"line":65,"column":1}},"line":52},"4":{"name":"(anonymous_4)","decl":{"start":{"line":67,"column":33},"end":{"line":67,"column":34}},"loc":{"start":{"line":67,"column":53},"end":{"line":80,"column":1}},"line":67}},"branchMap":{"0":{"loc":{"start":{"line":11,"column":8},"end":{"line":16,"column":9}},"type":"if","locations":[{"start":{"line":11,"column":8},"end":{"line":16,"column":9}},{"start":{"line":14,"column":12},"end":{"line":16,"column":9}}],"line":11},"1":{"loc":{"start":{"line":27,"column":8},"end":{"line":32,"column":9}},"type":"if","locations":[{"start":{"line":27,"column":8},"end":{"line":32,"column":9}},{"start":{"line":30,"column":12},"end":{"line":32,"column":9}}],"line":27},"2":{"loc":{"start":{"line":43,"column":8},"end":{"line":48,"column":9}},"type":"if","locations":[{"start":{"line":43,"column":8},"end":{"line":48,"column":9}},{"start":{"line":46,"column":12},"end":{"line":48,"column":9}}],"line":43},"3":{"loc":{"start":{"line":58,"column":8},"end":{"line":63,"column":9}},"type":"if","locations":[{"start":{"line":58,"column":8},"end":{"line":63,"column":9}},{"start":{"line":61,"column":12},"end":{"line":63,"column":9}}],"line":58},"4":{"loc":{"start":{"line":73,"column":8},"end":{"line":78,"column":9}},"type":"if","locations":[{"start":{"line":73,"column":8},"end":{"line":78,"column":9}},{"start":{"line":76,"column":12},"end":{"line":78,"column":9}}],"line":73}},"s":{"0":1,"1":1,"2":1,"3":2,"4":2,"5":1,"6":1,"7":0,"8":1,"9":1,"10":1,"11":1,"12":1,"13":1,"14":0,"15":0,"16":0,"17":1,"18":3,"19":3,"20":3,"21":1,"22":2,"23":1,"24":1,"25":1,"26":2,"27":2,"28":1,"29":1,"30":0,"31":1,"32":1,"33":2,"34":2,"35":1,"36":1,"37":1,"38":0,"39":1},"f":{"0":2,"1":1,"2":3,"3":2,"4":2},"b":{"0":[0,1],"1":[0,0],"2":[1,1],"3":[0,1],"4":[1,0]},"_coverageSchema":"1a1c01bbd47fc00a2c39e90264f33305004495a9","hash":"ace21462699351e836580c79bfcb1eb10c618642"}
,"/Users/ritvik_mahajan/Library/CloudStorage/OneDrive-McKinsey&Company/Documents/fullstack-app/backend/src/controllers/type.controller.js": {"path":"/Users/ritvik_mahajan/Library/CloudStorage/OneDrive-McKinsey&Company/Documents/fullstack-app/backend/src/controllers/type.controller.js","statementMap":{"0":{"start":{"line":1,"column":22},"end":{"line":1,"column":47}},"1":{"start":{"line":2,"column":17},"end":{"line":2,"column":53}},"2":{"start":{"line":5,"column":20},"end":{"line":18,"column":1}},"3":{"start":{"line":6,"column":4},"end":{"line":17,"column":5}},"4":{"start":{"line":7,"column":22},"end":{"line":7,"column":50}},"5":{"start":{"line":8,"column":8},"end":{"line":8,"column":36}},"6":{"start":{"line":11,"column":8},"end":{"line":16,"column":9}},"7":{"start":{"line":12,"column":12},"end":{"line":12,"column":68}},"8":{"start":{"line":15,"column":12},"end":{"line":15,"column":40}},"9":{"start":{"line":20,"column":22},"end":{"line":33,"column":1}},"10":{"start":{"line":21,"column":4},"end":{"line":32,"column":5}},"11":{"start":{"line":22,"column":21},"end":{"line":22,"column":66}},"12":{"start":{"line":23,"column":8},"end":{"line":23,"column":35}},"13":{"start":{"line":26,"column":8},"end":{"line":31,"column":9}},"14":{"start":{"line":27,"column":12},"end":{"line":27,"column":68}},"15":{"start":{"line":30,"column":12},"end":{"line":30,"column":40}},"16":{"start":{"line":35,"column":19},"end":{"line":49,"column":1}},"17":{"start":{"line":36,"column":4},"end":{"line":48,"column":5}},"18":{"start":{"line":37,"column":8},"end":{"line":37,"column":30}},"19":{"start":{"line":38,"column":21},"end":{"line":38,"column":56}},"20":{"start":{"line":39,"column":8},"end":{"line":39,"column":35}},"21":{"start":{"line":42,"column":8},"end":{"line":47,"column":9}},"22":{"start":{"line":43,"column":12},"end":{"line":43,"column":68}},"23":{"start":{"line":46,"column":12},"end":{"line":46,"column":40}},"24":{"start":{"line":51,"column":18},"end":{"line":64,"column":1}},"25":{"start":{"line":52,"column":4},"end":{"line":63,"column":5}},"26":{"start":{"line":53,"column":23},"end":{"line":53,"column":64}},"27":{"start":{"line":54,"column":8},"end":{"line":54,"column":37}},"28":{"start":{"line":57,"column":8},"end":{"line":62,"column":9}},"29":{"start":{"line":58,"column":12},"end":{"line":58,"column":68}},"30":{"start":{"line":61,"column":12},"end":{"line":61,"column":40}},"31":{"start":{"line":66,"column":20},"end":{"line":81,"column":1}},"32":{"start":{"line":67,"column":4},"end":{"line":80,"column":5}},"33":{"start":{"line":69,"column":8},"end":{"line":69,"column":29}},"34":{"start":{"line":70,"column":21},"end":{"line":70,"column":74}},"35":{"start":{"line":71,"column":8},"end":{"line":71,"column":35}},"36":{"start":{"line":74,"column":8},"end":{"line":79,"column":9}},"37":{"start":{"line":75,"column":12},"end":{"line":75,"column":68}},"38":{"start":{"line":78,"column":12},"end":{"line":78,"column":40}},"39":{"start":{"line":83,"column":18},"end":{"line":97,"column":1}},"40":{"start":{"line":84,"column":4},"end":{"line":96,"column":5}},"41":{"start":{"line":85,"column":8},"end":{"line":85,"column":47}},"42":{"start":{"line":86,"column":21},"end":{"line":86,"column":71}},"43":{"start":{"line":87,"column":8},"end":{"line":87,"column":35}},"44":{"start":{"line":90,"column":8},"end":{"line":95,"column":9}},"45":{"start":{"line":91,"column":12},"end":{"line":91,"column":68}},"46":{"start":{"line":94,"column":12},"end":{"line":94,"column":40}},"47":{"start":{"line":99,"column":20},"end":{"line":112,"column":1}},"48":{"start":{"line":100,"column":4},"end":{"line":111,"column":5}},"49":{"start":{"line":101,"column":21},"end":{"line":101,"column":73}},"50":{"start":{"line":102,"column":8},"end":{"line":102,"column":35}},"51":{"start":{"line":105,"column":8},"end":{"line":110,"column":9}},"52":{"start":{"line":106,"column":12},"end":{"line":106,"column":68}},"53":{"start":{"line":109,"column":12},"end":{"line":109,"column":48}},"54":{"start":{"line":114,"column":19},"end":{"line":127,"column":1}},"55":{"start":{"line":115,"column":4},"end":{"line":126,"column":5}},"56":{"start":{"line":116,"column":21},"end":{"line":116,"column":63}},"57":{"start":{"line":117,"column":8},"end":{"line":117,"column":35}},"58":{"start":{"line":120,"column":8},"end":{"line":125,"column":9}},"59":{"start":{"line":121,"column":12},"end":{"line":121,"column":68}},"60":{"start":{"line":124,"column":12},"end":{"line":124,"column":40}},"61":{"start":{"line":129,"column":0},"end":{"line":138,"column":2}}},"fnMap":{"0":{"name":"(anonymous_0)","decl":{"start":{"line":5,"column":20},"end":{"line":5,"column":21}},"loc":{"start":{"line":5,"column":40},"end":{"line":18,"column":1}},"line":5},"1":{"name":"(anonymous_1)","decl":{"start":{"line":20,"column":22},"end":{"line":20,"column":23}},"loc":{"start":{"line":20,"column":42},"end":{"line":33,"column":1}},"line":20},"2":{"name":"(anonymous_2)","decl":{"start":{"line":35,"column":19},"end":{"line":35,"column":20}},"loc":{"start":{"line":35,"column":39},"end":{"line":49,"column":1}},"line":35},"3":{"name":"(anonymous_3)","decl":{"start":{"line":51,"column":18},"end":{"line":51,"column":19}},"loc":{"start":{"line":51,"column":38},"end":{"line":64,"column":1}},"line":51},"4":{"name":"(anonymous_4)","decl":{"start":{"line":66,"column":20},"end":{"line":66,"column":21}},"loc":{"start":{"line":66,"column":40},"end":{"line":81,"column":1}},"line":66},"5":{"name":"(anonymous_5)","decl":{"start":{"line":83,"column":18},"end":{"line":83,"column":19}},"loc":{"start":{"line":83,"column":38},"end":{"line":97,"column":1}},"line":83},"6":{"name":"(anonymous_6)","decl":{"start":{"line":99,"column":20},"end":{"line":99,"column":21}},"loc":{"start":{"line":99,"column":40},"end":{"line":112,"column":1}},"line":99},"7":{"name":"(anonymous_7)","decl":{"start":{"line":114,"column":19},"end":{"line":114,"column":20}},"loc":{"start":{"line":114,"column":39},"end":{"line":127,"column":1}},"line":114}},"branchMap":{"0":{"loc":{"start":{"line":11,"column":8},"end":{"line":16,"column":9}},"type":"if","locations":[{"start":{"line":11,"column":8},"end":{"line":16,"column":9}},{"start":{"line":14,"column":12},"end":{"line":16,"column":9}}],"line":11},"1":{"loc":{"start":{"line":26,"column":8},"end":{"line":31,"column":9}},"type":"if","locations":[{"start":{"line":26,"column":8},"end":{"line":31,"column":9}},{"start":{"line":29,"column":12},"end":{"line":31,"column":9}}],"line":26},"2":{"loc":{"start":{"line":42,"column":8},"end":{"line":47,"column":9}},"type":"if","locations":[{"start":{"line":42,"column":8},"end":{"line":47,"column":9}},{"start":{"line":45,"column":12},"end":{"line":47,"column":9}}],"line":42},"3":{"loc":{"start":{"line":57,"column":8},"end":{"line":62,"column":9}},"type":"if","locations":[{"start":{"line":57,"column":8},"end":{"line":62,"column":9}},{"start":{"line":60,"column":12},"end":{"line":62,"column":9}}],"line":57},"4":{"loc":{"start":{"line":74,"column":8},"end":{"line":79,"column":9}},"type":"if","locations":[{"start":{"line":74,"column":8},"end":{"line":79,"column":9}},{"start":{"line":77,"column":12},"end":{"line":79,"column":9}}],"line":74},"5":{"loc":{"start":{"line":90,"column":8},"end":{"line":95,"column":9}},"type":"if","locations":[{"start":{"line":90,"column":8},"end":{"line":95,"column":9}},{"start":{"line":93,"column":12},"end":{"line":95,"column":9}}],"line":90},"6":{"loc":{"start":{"line":105,"column":8},"end":{"line":110,"column":9}},"type":"if","locations":[{"start":{"line":105,"column":8},"end":{"line":110,"column":9}},{"start":{"line":108,"column":12},"end":{"line":110,"column":9}}],"line":105},"7":{"loc":{"start":{"line":120,"column":8},"end":{"line":125,"column":9}},"type":"if","locations":[{"start":{"line":120,"column":8},"end":{"line":125,"column":9}},{"start":{"line":123,"column":12},"end":{"line":125,"column":9}}],"line":120}},"s":{"0":1,"1":1,"2":1,"3":3,"4":3,"5":1,"6":2,"7":1,"8":1,"9":1,"10":2,"11":2,"12":1,"13":1,"14":1,"15":0,"16":1,"17":2,"18":2,"19":2,"20":1,"21":1,"22":0,"23":1,"24":1,"25":2,"26":2,"27":1,"28":1,"29":0,"30":1,"31":1,"32":3,"33":3,"34":3,"35":1,"36":2,"37":1,"38":1,"39":1,"40":2,"41":2,"42":2,"43":1,"44":1,"45":0,"46":1,"47":1,"48":0,"49":0,"50":0,"51":0,"52":0,"53":0,"54":1,"55":0,"56":0,"57":0,"58":0,"59":0,"60":0,"61":1},"f":{"0":3,"1":2,"2":2,"3":2,"4":3,"5":2,"6":0,"7":0},"b":{"0":[1,1],"1":[1,0],"2":[0,1],"3":[0,1],"4":[1,1],"5":[0,1],"6":[0,0],"7":[0,0]},"_coverageSchema":"1a1c01bbd47fc00a2c39e90264f33305004495a9","hash":"19745ab22675526e3675c12b021b172cb3c95091"}
,"/Users/ritvik_mahajan/Library/CloudStorage/OneDrive-McKinsey&Company/Documents/fullstack-app/backend/src/error/error.js": {"path":"/Users/ritvik_mahajan/Library/CloudStorage/OneDrive-McKinsey&Company/Documents/fullstack-app/backend/src/error/error.js","statementMap":{"0":{"start":{"line":3,"column":8},"end":{"line":3,"column":23}},"1":{"start":{"line":4,"column":8},"end":{"line":4,"column":31}},"2":{"start":{"line":5,"column":8},"end":{"line":5,"column":25}},"3":{"start":{"line":9,"column":0},"end":{"line":11,"column":2}}},"fnMap":{"0":{"name":"(anonymous_0)","decl":{"start":{"line":2,"column":4},"end":{"line":2,"column":5}},"loc":{"start":{"line":2,"column":32},"end":{"line":6,"column":5}},"line":2}},"branchMap":{},"s":{"0":11,"1":11,"2":11,"3":3},"f":{"0":11},"b":{},"_coverageSchema":"1a1c01bbd47fc00a2c39e90264f33305004495a9","hash":"af5e92aa00320d09ad928365e2756fc67f38e71b"}
,"/Users/ritvik_mahajan/Library/CloudStorage/OneDrive-McKinsey&Company/Documents/fullstack-app/backend/src/services/entity.services.js": {"path":"/Users/ritvik_mahajan/Library/CloudStorage/OneDrive-McKinsey&Company/Documents/fullstack-app/backend/src/services/entity.services.js","statementMap":{"0":{"start":{"line":1,"column":20},"end":{"line":1,"column":52}},"1":{"start":{"line":2,"column":22},"end":{"line":2,"column":47}},"2":{"start":{"line":3,"column":22},"end":{"line":3,"column":54}},"3":{"start":{"line":5,"column":28},"end":{"line":7,"column":1}},"4":{"start":{"line":6,"column":4},"end":{"line":6,"column":56}},"5":{"start":{"line":9,"column":21},"end":{"line":15,"column":1}},"6":{"start":{"line":10,"column":4},"end":{"line":10,"column":22}},"7":{"start":{"line":11,"column":4},"end":{"line":14,"column":7}},"8":{"start":{"line":17,"column":21},"end":{"line":30,"column":1}},"9":{"start":{"line":18,"column":19},"end":{"line":18,"column":59}},"10":{"start":{"line":19,"column":4},"end":{"line":21,"column":5}},"11":{"start":{"line":20,"column":8},"end":{"line":20,"column":52}},"12":{"start":{"line":22,"column":19},"end":{"line":22,"column":32}},"13":{"start":{"line":24,"column":20},"end":{"line":27,"column":5}},"14":{"start":{"line":29,"column":4},"end":{"line":29,"column":60}},"15":{"start":{"line":32,"column":21},"end":{"line":34,"column":1}},"16":{"start":{"line":33,"column":4},"end":{"line":33,"column":52}},"17":{"start":{"line":36,"column":33},"end":{"line":41,"column":1}},"18":{"start":{"line":37,"column":4},"end":{"line":40,"column":7}},"19":{"start":{"line":43,"column":0},"end":{"line":49,"column":2}}},"fnMap":{"0":{"name":"(anonymous_0)","decl":{"start":{"line":5,"column":28},"end":{"line":5,"column":29}},"loc":{"start":{"line":5,"column":42},"end":{"line":7,"column":1}},"line":5},"1":{"name":"(anonymous_1)","decl":{"start":{"line":9,"column":21},"end":{"line":9,"column":22}},"loc":{"start":{"line":9,"column":40},"end":{"line":15,"column":1}},"line":9},"2":{"name":"(anonymous_2)","decl":{"start":{"line":17,"column":21},"end":{"line":17,"column":22}},"loc":{"start":{"line":17,"column":41},"end":{"line":30,"column":1}},"line":17},"3":{"name":"(anonymous_3)","decl":{"start":{"line":32,"column":21},"end":{"line":32,"column":22}},"loc":{"start":{"line":32,"column":35},"end":{"line":34,"column":1}},"line":32},"4":{"name":"(anonymous_4)","decl":{"start":{"line":36,"column":33},"end":{"line":36,"column":34}},"loc":{"start":{"line":36,"column":45},"end":{"line":41,"column":1}},"line":36}},"branchMap":{"0":{"loc":{"start":{"line":19,"column":4},"end":{"line":21,"column":5}},"type":"if","locations":[{"start":{"line":19,"column":4},"end":{"line":21,"column":5}},{"start":{},"end":{}}],"line":19}},"s":{"0":1,"1":1,"2":1,"3":1,"4":0,"5":1,"6":0,"7":0,"8":1,"9":0,"10":0,"11":0,"12":0,"13":0,"14":0,"15":1,"16":0,"17":1,"18":0,"19":1},"f":{"0":0,"1":0,"2":0,"3":0,"4":0},"b":{"0":[0,0]},"_coverageSchema":"1a1c01bbd47fc00a2c39e90264f33305004495a9","hash":"333b30ee0b2753b20069560fc9bcb49fcde1fef1"}
,"/Users/ritvik_mahajan/Library/CloudStorage/OneDrive-McKinsey&Company/Documents/fullstack-app/backend/src/services/type.services.js": {"path":"/Users/ritvik_mahajan/Library/CloudStorage/OneDrive-McKinsey&Company/Documents/fullstack-app/backend/src/services/type.services.js","statementMap":{"0":{"start":{"line":1,"column":15},"end":{"line":1,"column":47}},"1":{"start":{"line":2,"column":18},"end":{"line":2,"column":50}},"2":{"start":{"line":3,"column":22},"end":{"line":3,"column":47}},"3":{"start":{"line":5,"column":20},"end":{"line":8,"column":1}},"4":{"start":{"line":6,"column":18},"end":{"line":6,"column":38}},"5":{"start":{"line":7,"column":4},"end":{"line":7,"column":17}},"6":{"start":{"line":10,"column":22},"end":{"line":13,"column":1}},"7":{"start":{"line":11,"column":24},"end":{"line":11,"column":69}},"8":{"start":{"line":12,"column":4},"end":{"line":12,"column":23}},"9":{"start":{"line":15,"column":19},"end":{"line":28,"column":1}},"10":{"start":{"line":17,"column":21},"end":{"line":17,"column":34}},"11":{"start":{"line":18,"column":4},"end":{"line":18,"column":26}},"12":{"start":{"line":19,"column":19},"end":{"line":19,"column":68}},"13":{"start":{"line":20,"column":4},"end":{"line":20,"column":24}},"14":{"start":{"line":21,"column":4},"end":{"line":23,"column":5}},"15":{"start":{"line":22,"column":8},"end":{"line":22,"column":55}},"16":{"start":{"line":24,"column":4},"end":{"line":24,"column":21}},"17":{"start":{"line":25,"column":4},"end":{"line":25,"column":22}},"18":{"start":{"line":26,"column":24},"end":{"line":26,"column":47}},"19":{"start":{"line":27,"column":4},"end":{"line":27,"column":23}},"20":{"start":{"line":30,"column":18},"end":{"line":37,"column":1}},"21":{"start":{"line":31,"column":24},"end":{"line":31,"column":69}},"22":{"start":{"line":32,"column":4},"end":{"line":34,"column":5}},"23":{"start":{"line":33,"column":8},"end":{"line":33,"column":50}},"24":{"start":{"line":35,"column":19},"end":{"line":35,"column":37}},"25":{"start":{"line":36,"column":4},"end":{"line":36,"column":18}},"26":{"start":{"line":39,"column":20},"end":{"line":53,"column":1}},"27":{"start":{"line":41,"column":24},"end":{"line":41,"column":69}},"28":{"start":{"line":42,"column":4},"end":{"line":44,"column":5}},"29":{"start":{"line":43,"column":8},"end":{"line":43,"column":50}},"30":{"start":{"line":45,"column":19},"end":{"line":45,"column":37}},"31":{"start":{"line":46,"column":18},"end":{"line":46,"column":60}},"32":{"start":{"line":46,"column":39},"end":{"line":46,"column":59}},"33":{"start":{"line":47,"column":4},"end":{"line":49,"column":5}},"34":{"start":{"line":48,"column":8},"end":{"line":48,"column":56}},"35":{"start":{"line":50,"column":4},"end":{"line":50,"column":28}},"36":{"start":{"line":51,"column":24},"end":{"line":51,"column":86}},"37":{"start":{"line":52,"column":4},"end":{"line":52,"column":23}},"38":{"start":{"line":55,"column":18},"end":{"line":73,"column":1}},"39":{"start":{"line":56,"column":4},"end":{"line":56,"column":50}},"40":{"start":{"line":57,"column":24},"end":{"line":57,"column":69}},"41":{"start":{"line":59,"column":4},"end":{"line":61,"column":5}},"42":{"start":{"line":60,"column":8},"end":{"line":60,"column":50}},"43":{"start":{"line":62,"column":19},"end":{"line":62,"column":37}},"44":{"start":{"line":64,"column":18},"end":{"line":64,"column":63}},"45":{"start":{"line":64,"column":39},"end":{"line":64,"column":62}},"46":{"start":{"line":65,"column":4},"end":{"line":65,"column":23}},"47":{"start":{"line":66,"column":4},"end":{"line":68,"column":5}},"48":{"start":{"line":67,"column":8},"end":{"line":67,"column":51}},"49":{"start":{"line":69,"column":18},"end":{"line":69,"column":39}},"50":{"start":{"line":70,"column":4},"end":{"line":70,"column":34}},"51":{"start":{"line":71,"column":24},"end":{"line":71,"column":86}},"52":{"start":{"line":72,"column":4},"end":{"line":72,"column":23}},"53":{"start":{"line":75,"column":20},"end":{"line":101,"column":1}},"54":{"start":{"line":77,"column":24},"end":{"line":77,"column":69}},"55":{"start":{"line":78,"column":4},"end":{"line":80,"column":5}},"56":{"start":{"line":79,"column":8},"end":{"line":79,"column":50}},"57":{"start":{"line":81,"column":19},"end":{"line":81,"column":37}},"58":{"start":{"line":83,"column":18},"end":{"line":83,"column":60}},"59":{"start":{"line":83,"column":39},"end":{"line":83,"column":59}},"60":{"start":{"line":84,"column":4},"end":{"line":86,"column":5}},"61":{"start":{"line":85,"column":8},"end":{"line":85,"column":51}},"62":{"start":{"line":87,"column":15},"end":{"line":87,"column":29}},"63":{"start":{"line":88,"column":27},"end":{"line":88,"column":71}},"64":{"start":{"line":90,"column":4},"end":{"line":94,"column":7}},"65":{"start":{"line":91,"column":21},"end":{"line":91,"column":31}},"66":{"start":{"line":92,"column":8},"end":{"line":92,"column":32}},"67":{"start":{"line":93,"column":8},"end":{"line":93,"column":68}},"68":{"start":{"line":96,"column":18},"end":{"line":96,"column":39}},"69":{"start":{"line":97,"column":4},"end":{"line":97,"column":28}},"70":{"start":{"line":98,"column":24},"end":{"line":98,"column":86}},"71":{"start":{"line":99,"column":4},"end":{"line":99,"column":23}},"72":{"start":{"line":103,"column":19},"end":{"line":110,"column":1}},"73":{"start":{"line":104,"column":24},"end":{"line":104,"column":69}},"74":{"start":{"line":105,"column":4},"end":{"line":107,"column":5}},"75":{"start":{"line":106,"column":8},"end":{"line":106,"column":50}},"76":{"start":{"line":108,"column":24},"end":{"line":108,"column":69}},"77":{"start":{"line":109,"column":4},"end":{"line":109,"column":23}},"78":{"start":{"line":112,"column":0},"end":{"line":121,"column":2}}},"fnMap":{"0":{"name":"(anonymous_0)","decl":{"start":{"line":5,"column":20},"end":{"line":5,"column":21}},"loc":{"start":{"line":5,"column":32},"end":{"line":8,"column":1}},"line":5},"1":{"name":"(anonymous_1)","decl":{"start":{"line":10,"column":22},"end":{"line":10,"column":23}},"loc":{"start":{"line":10,"column":38},"end":{"line":13,"column":1}},"line":10},"2":{"name":"(anonymous_2)","decl":{"start":{"line":15,"column":19},"end":{"line":15,"column":20}},"loc":{"start":{"line":15,"column":35},"end":{"line":28,"column":1}},"line":15},"3":{"name":"(anonymous_3)","decl":{"start":{"line":30,"column":18},"end":{"line":30,"column":19}},"loc":{"start":{"line":30,"column":34},"end":{"line":37,"column":1}},"line":30},"4":{"name":"(anonymous_4)","decl":{"start":{"line":39,"column":20},"end":{"line":39,"column":21}},"loc":{"start":{"line":39,"column":42},"end":{"line":53,"column":1}},"line":39},"5":{"name":"(anonymous_5)","decl":{"start":{"line":46,"column":30},"end":{"line":46,"column":31}},"loc":{"start":{"line":46,"column":39},"end":{"line":46,"column":59}},"line":46},"6":{"name":"(anonymous_6)","decl":{"start":{"line":55,"column":18},"end":{"line":55,"column":19}},"loc":{"start":{"line":55,"column":40},"end":{"line":73,"column":1}},"line":55},"7":{"name":"(anonymous_7)","decl":{"start":{"line":64,"column":30},"end":{"line":64,"column":31}},"loc":{"start":{"line":64,"column":39},"end":{"line":64,"column":62}},"line":64},"8":{"name":"(anonymous_8)","decl":{"start":{"line":75,"column":20},"end":{"line":75,"column":21}},"loc":{"start":{"line":75,"column":41},"end":{"line":101,"column":1}},"line":75},"9":{"name":"(anonymous_9)","decl":{"start":{"line":83,"column":30},"end":{"line":83,"column":31}},"loc":{"start":{"line":83,"column":39},"end":{"line":83,"column":59}},"line":83},"10":{"name":"(anonymous_10)","decl":{"start":{"line":90,"column":27},"end":{"line":90,"column":28}},"loc":{"start":{"line":90,"column":44},"end":{"line":94,"column":5}},"line":90},"11":{"name":"(anonymous_11)","decl":{"start":{"line":103,"column":19},"end":{"line":103,"column":20}},"loc":{"start":{"line":103,"column":35},"end":{"line":110,"column":1}},"line":103}},"branchMap":{"0":{"loc":{"start":{"line":21,"column":4},"end":{"line":23,"column":5}},"type":"if","locations":[{"start":{"line":21,"column":4},"end":{"line":23,"column":5}},{"start":{},"end":{}}],"line":21},"1":{"loc":{"start":{"line":32,"column":4},"end":{"line":34,"column":5}},"type":"if","locations":[{"start":{"line":32,"column":4},"end":{"line":34,"column":5}},{"start":{},"end":{}}],"line":32},"2":{"loc":{"start":{"line":42,"column":4},"end":{"line":44,"column":5}},"type":"if","locations":[{"start":{"line":42,"column":4},"end":{"line":44,"column":5}},{"start":{},"end":{}}],"line":42},"3":{"loc":{"start":{"line":47,"column":4},"end":{"line":49,"column":5}},"type":"if","locations":[{"start":{"line":47,"column":4},"end":{"line":49,"column":5}},{"start":{},"end":{}}],"line":47},"4":{"loc":{"start":{"line":59,"column":4},"end":{"line":61,"column":5}},"type":"if","locations":[{"start":{"line":59,"column":4},"end":{"line":61,"column":5}},{"start":{},"end":{}}],"line":59},"5":{"loc":{"start":{"line":66,"column":4},"end":{"line":68,"column":5}},"type":"if","locations":[{"start":{"line":66,"column":4},"end":{"line":68,"column":5}},{"start":{},"end":{}}],"line":66},"6":{"loc":{"start":{"line":78,"column":4},"end":{"line":80,"column":5}},"type":"if","locations":[{"start":{"line":78,"column":4},"end":{"line":80,"column":5}},{"start":{},"end":{}}],"line":78},"7":{"loc":{"start":{"line":84,"column":4},"end":{"line":86,"column":5}},"type":"if","locations":[{"start":{"line":84,"column":4},"end":{"line":86,"column":5}},{"start":{},"end":{}}],"line":84},"8":{"loc":{"start":{"line":105,"column":4},"end":{"line":107,"column":5}},"type":"if","locations":[{"start":{"line":105,"column":4},"end":{"line":107,"column":5}},{"start":{},"end":{}}],"line":105}},"s":{"0":2,"1":2,"2":2,"3":2,"4":1,"5":1,"6":2,"7":2,"8":2,"9":2,"10":2,"11":2,"12":2,"13":2,"14":2,"15":1,"16":1,"17":1,"18":1,"19":1,"20":2,"21":3,"22":3,"23":2,"24":1,"25":1,"26":2,"27":0,"28":0,"29":0,"30":0,"31":0,"32":0,"33":0,"34":0,"35":0,"36":0,"37":0,"38":2,"39":0,"40":0,"41":0,"42":0,"43":0,"44":0,"45":0,"46":0,"47":0,"48":0,"49":0,"50":0,"51":0,"52":0,"53":2,"54":0,"55":0,"56":0,"57":0,"58":0,"59":0,"60":0,"61":0,"62":0,"63":0,"64":0,"65":0,"66":0,"67":0,"68":0,"69":0,"70":0,"71":0,"72":2,"73":3,"74":3,"75":3,"76":0,"77":0,"78":2},"f":{"0":1,"1":2,"2":2,"3":3,"4":0,"5":0,"6":0,"7":0,"8":0,"9":0,"10":0,"11":3},"b":{"0":[1,1],"1":[2,1],"2":[0,0],"3":[0,0],"4":[0,0],"5":[0,0],"6":[0,0],"7":[0,0],"8":[3,0]},"_coverageSchema":"1a1c01bbd47fc00a2c39e90264f33305004495a9","hash":"669f02d03f6747779bd1347c4fdca3b966f4400e"}
}
