TN:
SF:database/models/demo.js
FN:5,(anonymous_0)
FN:12,(anonymous_1)
FNF:2
FNH:2
FNDA:3,(anonymous_0)
FNDA:3,(anonymous_1)
DA:4,3
DA:5,3
DA:16,3
DA:24,3
LF:4
LH:4
BRF:0
BRH:0
end_of_record
TN:
SF:database/models/entries.js
FN:5,(anonymous_0)
FN:12,(anonymous_1)
FNF:2
FNH:2
FNDA:3,(anonymous_0)
FNDA:3,(anonymous_1)
DA:4,3
DA:5,3
DA:13,3
DA:16,3
DA:23,3
LF:5
LH:5
BRF:0
BRH:0
end_of_record
TN:
SF:database/models/index.js
FN:21,(anonymous_0)
FN:29,(anonymous_1)
FN:34,(anonymous_2)
FNF:3
FNH:3
FNDA:12,(anonymous_0)
FNDA:9,(anonymous_1)
FNDA:9,(anonymous_2)
DA:3,3
DA:4,3
DA:5,3
DA:6,3
DA:7,3
DA:8,3
DA:9,3
DA:10,3
DA:13,3
DA:14,0
DA:16,3
DA:19,3
DA:22,12
DA:30,9
DA:31,9
DA:34,3
DA:35,9
DA:36,9
DA:40,3
DA:41,3
DA:43,3
LF:21
LH:20
BRDA:8,0,0,3
BRDA:8,0,1,0
BRDA:13,1,0,0
BRDA:13,1,1,3
BRDA:23,2,0,12
BRDA:23,2,1,12
BRDA:23,2,2,9
BRDA:23,2,3,9
BRDA:35,3,0,9
BRDA:35,3,1,0
BRF:10
BRH:7
end_of_record
TN:
SF:database/models/type.js
FN:5,(anonymous_0)
FN:12,(anonymous_1)
FNF:2
FNH:2
FNDA:3,(anonymous_0)
FNDA:3,(anonymous_1)
DA:4,3
DA:5,3
DA:13,3
DA:16,3
DA:23,3
LF:5
LH:5
BRF:0
BRH:0
end_of_record
TN:
SF:src/controllers/entity.controller.js
FN:5,(anonymous_0)
FN:20,(anonymous_1)
FN:36,(anonymous_2)
FN:52,(anonymous_3)
FN:67,(anonymous_4)
FNF:5
FNH:5
FNDA:2,(anonymous_0)
FNDA:1,(anonymous_1)
FNDA:3,(anonymous_2)
FNDA:2,(anonymous_3)
FNDA:2,(anonymous_4)
DA:1,1
DA:2,1
DA:5,1
DA:6,2
DA:7,2
DA:8,1
DA:11,1
DA:12,0
DA:15,1
DA:20,1
DA:21,1
DA:22,1
DA:23,1
DA:24,1
DA:27,0
DA:28,0
DA:31,0
DA:36,1
DA:37,3
DA:38,3
DA:39,3
DA:40,1
DA:43,2
DA:44,1
DA:47,1
DA:52,1
DA:53,2
DA:54,2
DA:55,1
DA:58,1
DA:59,0
DA:62,1
DA:67,1
DA:68,2
DA:69,2
DA:70,1
DA:73,1
DA:74,1
DA:77,0
DA:82,1
LF:40
LH:34
BRDA:11,0,0,0
BRDA:11,0,1,1
BRDA:27,1,0,0
BRDA:27,1,1,0
BRDA:43,2,0,1
BRDA:43,2,1,1
BRDA:58,3,0,0
BRDA:58,3,1,1
BRDA:73,4,0,1
BRDA:73,4,1,0
BRF:10
BRH:5
end_of_record
TN:
SF:src/controllers/type.controller.js
FN:5,(anonymous_0)
FN:20,(anonymous_1)
FN:35,(anonymous_2)
FN:51,(anonymous_3)
FN:66,(anonymous_4)
FN:83,(anonymous_5)
FN:99,(anonymous_6)
FN:114,(anonymous_7)
FNF:8
FNH:6
FNDA:3,(anonymous_0)
FNDA:2,(anonymous_1)
FNDA:2,(anonymous_2)
FNDA:2,(anonymous_3)
FNDA:3,(anonymous_4)
FNDA:2,(anonymous_5)
FNDA:0,(anonymous_6)
FNDA:0,(anonymous_7)
DA:1,1
DA:2,1
DA:5,1
DA:6,3
DA:7,3
DA:8,1
DA:11,2
DA:12,1
DA:15,1
DA:20,1
DA:21,2
DA:22,2
DA:23,1
DA:26,1
DA:27,1
DA:30,0
DA:35,1
DA:36,2
DA:37,2
DA:38,2
DA:39,1
DA:42,1
DA:43,0
DA:46,1
DA:51,1
DA:52,2
DA:53,2
DA:54,1
DA:57,1
DA:58,0
DA:61,1
DA:66,1
DA:67,3
DA:69,3
DA:70,3
DA:71,1
DA:74,2
DA:75,1
DA:78,1
DA:83,1
DA:84,2
DA:85,2
DA:86,2
DA:87,1
DA:90,1
DA:91,0
DA:94,1
DA:99,1
DA:100,0
DA:101,0
DA:102,0
DA:105,0
DA:106,0
DA:109,0
DA:114,1
DA:115,0
DA:116,0
DA:117,0
DA:120,0
DA:121,0
DA:124,0
DA:129,1
LF:62
LH:46
BRDA:11,0,0,1
BRDA:11,0,1,1
BRDA:26,1,0,1
BRDA:26,1,1,0
BRDA:42,2,0,0
BRDA:42,2,1,1
BRDA:57,3,0,0
BRDA:57,3,1,1
BRDA:74,4,0,1
BRDA:74,4,1,1
BRDA:90,5,0,0
BRDA:90,5,1,1
BRDA:105,6,0,0
BRDA:105,6,1,0
BRDA:120,7,0,0
BRDA:120,7,1,0
BRF:16
BRH:8
end_of_record
TN:
SF:src/error/error.js
FN:2,(anonymous_0)
FNF:1
FNH:1
FNDA:11,(anonymous_0)
DA:3,11
DA:4,11
DA:5,11
DA:9,3
LF:4
LH:4
BRF:0
BRH:0
end_of_record
TN:
SF:src/services/entity.services.js
FN:5,(anonymous_0)
FN:9,(anonymous_1)
FN:17,(anonymous_2)
FN:32,(anonymous_3)
FN:36,(anonymous_4)
FNF:5
FNH:0
FNDA:0,(anonymous_0)
FNDA:0,(anonymous_1)
FNDA:0,(anonymous_2)
FNDA:0,(anonymous_3)
FNDA:0,(anonymous_4)
DA:1,1
DA:2,1
DA:3,1
DA:5,1
DA:6,0
DA:9,1
DA:10,0
DA:11,0
DA:17,1
DA:18,0
DA:19,0
DA:20,0
DA:22,0
DA:24,0
DA:29,0
DA:32,1
DA:33,0
DA:36,1
DA:37,0
DA:43,1
LF:20
LH:9
BRDA:19,0,0,0
BRDA:19,0,1,0
BRF:2
BRH:0
end_of_record
TN:
SF:src/services/type.services.js
FN:5,(anonymous_0)
FN:10,(anonymous_1)
FN:15,(anonymous_2)
FN:30,(anonymous_3)
FN:39,(anonymous_4)
FN:46,(anonymous_5)
FN:55,(anonymous_6)
FN:64,(anonymous_7)
FN:75,(anonymous_8)
FN:83,(anonymous_9)
FN:90,(anonymous_10)
FN:103,(anonymous_11)
FNF:12
FNH:5
FNDA:1,(anonymous_0)
FNDA:2,(anonymous_1)
FNDA:2,(anonymous_2)
FNDA:3,(anonymous_3)
FNDA:0,(anonymous_4)
FNDA:0,(anonymous_5)
FNDA:0,(anonymous_6)
FNDA:0,(anonymous_7)
FNDA:0,(anonymous_8)
FNDA:0,(anonymous_9)
FNDA:0,(anonymous_10)
FNDA:3,(anonymous_11)
DA:1,2
DA:2,2
DA:3,2
DA:5,2
DA:6,1
DA:7,1
DA:10,2
DA:11,2
DA:12,2
DA:15,2
DA:17,2
DA:18,2
DA:19,2
DA:20,2
DA:21,2
DA:22,1
DA:24,1
DA:25,1
DA:26,1
DA:27,1
DA:30,2
DA:31,3
DA:32,3
DA:33,2
DA:35,1
DA:36,1
DA:39,2
DA:41,0
DA:42,0
DA:43,0
DA:45,0
DA:46,0
DA:47,0
DA:48,0
DA:50,0
DA:51,0
DA:52,0
DA:55,2
DA:56,0
DA:57,0
DA:59,0
DA:60,0
DA:62,0
DA:64,0
DA:65,0
DA:66,0
DA:67,0
DA:69,0
DA:70,0
DA:71,0
DA:72,0
DA:75,2
DA:77,0
DA:78,0
DA:79,0
DA:81,0
DA:83,0
DA:84,0
DA:85,0
DA:87,0
DA:88,0
DA:90,0
DA:91,0
DA:92,0
DA:93,0
DA:96,0
DA:97,0
DA:98,0
DA:99,0
DA:103,2
DA:104,3
DA:105,3
DA:106,3
DA:108,0
DA:109,0
DA:112,2
LF:76
LH:34
BRDA:21,0,0,1
BRDA:21,0,1,1
BRDA:32,1,0,2
BRDA:32,1,1,1
BRDA:42,2,0,0
BRDA:42,2,1,0
BRDA:47,3,0,0
BRDA:47,3,1,0
BRDA:59,4,0,0
BRDA:59,4,1,0
BRDA:66,5,0,0
BRDA:66,5,1,0
BRDA:78,6,0,0
BRDA:78,6,1,0
BRDA:84,7,0,0
BRDA:84,7,1,0
BRDA:105,8,0,3
BRDA:105,8,1,0
BRF:18
BRH:5
end_of_record
